SF:lib/controllers/admin_controller.dart
DA:14,5
DA:29,3
DA:47,15
DA:49,5
DA:51,5
DA:52,20
DA:53,20
DA:58,20
DA:62,20
DA:65,20
DA:67,5
DA:70,5
DA:71,40
DA:74,5
DA:75,10
DA:76,10
DA:78,5
DA:79,25
DA:81,0
DA:83,10
DA:87,5
DA:88,5
DA:89,0
DA:90,0
DA:91,0
DA:92,0
DA:93,0
DA:94,0
DA:95,0
DA:97,15
DA:101,5
DA:102,5
DA:103,0
DA:104,0
DA:105,0
DA:106,0
DA:107,0
DA:108,0
DA:109,0
DA:111,15
DA:115,5
DA:116,5
DA:117,0
DA:118,0
DA:119,0
DA:120,0
DA:121,0
DA:122,0
DA:123,0
DA:124,0
DA:126,15
DA:138,5
DA:139,5
DA:140,10
DA:144,0
DA:145,0
DA:147,0
DA:154,0
DA:155,0
DA:159,9
DA:161,0
DA:162,0
DA:164,2
DA:165,2
DA:166,1
DA:167,2
DA:168,4
DA:169,1
DA:171,2
DA:172,2
DA:173,1
DA:174,2
DA:175,2
DA:176,2
DA:177,4
DA:179,1
DA:182,5
DA:183,3
DA:186,0
DA:188,4
DA:190,5
DA:191,5
DA:192,10
DA:193,10
DA:194,10
DA:195,15
DA:196,10
DA:197,5
DA:198,5
DA:199,5
DA:200,5
DA:201,5
DA:202,5
DA:208,25
DA:209,10
DA:213,2
DA:214,2
DA:215,2
DA:218,4
DA:219,2
DA:220,0
DA:221,0
DA:222,0
DA:228,2
DA:229,10
DA:230,4
DA:231,4
DA:234,6
DA:235,8
DA:239,2
DA:243,0
DA:248,0
DA:249,0
DA:253,0
DA:255,0
DA:257,0
DA:259,0
DA:260,0
DA:261,0
DA:263,0
DA:265,0
DA:271,0
DA:272,0
DA:273,0
DA:274,0
DA:275,0
DA:276,0
DA:277,0
DA:282,0
DA:283,0
DA:289,1
DA:290,1
DA:292,0
DA:293,0
DA:294,0
DA:295,0
DA:297,0
DA:301,5
DA:308,0
DA:315,0
DA:316,0
DA:317,0
DA:318,0
DA:319,0
DA:322,0
DA:335,0
DA:336,0
DA:337,0
DA:338,0
DA:339,0
DA:340,0
DA:342,0
DA:343,0
DA:344,0
DA:346,0
DA:348,0
DA:353,1
DA:354,1
DA:356,0
DA:357,0
DA:358,0
DA:359,0
DA:361,0
DA:365,5
DA:386,1
DA:387,2
DA:392,2
DA:394,0
DA:395,0
DA:396,0
DA:397,0
DA:398,0
DA:409,0
DA:411,0
DA:413,0
DA:416,0
DA:420,0
DA:421,0
DA:423,0
DA:424,0
DA:425,0
DA:426,0
DA:427,0
DA:429,0
DA:430,0
DA:431,0
DA:432,0
DA:433,0
DA:434,0
DA:435,0
DA:436,0
DA:437,0
DA:439,0
DA:445,5
DA:446,5
DA:447,5
DA:448,5
DA:457,5
DA:463,5
DA:471,5
DA:476,5
DA:485,5
DA:490,5
DA:499,5
LF:204
LH:96
end_of_record
SF:lib/models/product_model.dart
DA:7,13
DA:33,7
DA:34,41
DA:36,30
DA:38,3
DA:39,6
DA:40,6
DA:43,2
DA:47,4
DA:48,4
DA:49,4
DA:50,2
DA:51,2
DA:55,0
DA:59,4
DA:62,2
DA:64,1
DA:65,1
DA:66,3
DA:70,2
DA:71,2
DA:72,0
DA:77,2
DA:78,4
DA:79,4
DA:84,0
DA:85,0
DA:86,0
DA:87,0
DA:88,0
DA:89,0
DA:90,0
DA:91,0
DA:92,0
DA:93,0
DA:94,0
DA:95,0
DA:97,0
DA:98,0
DA:102,0
DA:103,0
DA:104,0
DA:105,0
DA:106,0
DA:107,0
DA:108,0
DA:109,0
DA:110,0
DA:113,2
DA:122,2
DA:123,2
DA:124,2
DA:125,2
DA:126,2
DA:127,2
DA:128,2
DA:129,2
DA:130,2
DA:131,0
DA:132,2
LF:60
LH:34
end_of_record
SF:lib/models/variant_model.dart
DA:7,4
DA:27,18
DA:28,0
DA:31,14
DA:33,0
DA:34,0
DA:35,0
DA:36,0
DA:37,0
DA:38,0
DA:39,0
DA:41,0
DA:42,0
DA:45,0
DA:46,0
DA:47,0
DA:48,0
DA:49,0
DA:50,0
DA:51,0
DA:52,0
DA:53,0
DA:56,1
DA:57,1
DA:58,1
DA:59,1
DA:60,1
DA:61,1
DA:62,1
DA:63,0
DA:64,1
DA:65,1
DA:72,13
DA:91,18
DA:93,23
DA:95,20
DA:96,0
DA:98,5
DA:99,35
DA:101,0
DA:102,0
DA:103,0
DA:104,0
DA:105,0
DA:106,0
DA:107,0
DA:108,0
DA:110,0
DA:111,0
DA:112,0
DA:116,0
DA:117,0
DA:118,0
DA:119,0
DA:120,0
DA:121,0
DA:122,0
DA:125,2
DA:131,2
DA:132,2
DA:133,2
DA:134,2
DA:135,2
DA:136,2
DA:137,0
DA:138,2
LF:66
LH:26
end_of_record
SF:lib/core/utils/demo_data.dart
DA:11,24
DA:13,24
DA:14,12
DA:24,12
DA:25,12
DA:30,36
DA:39,12
DA:44,24
DA:52,12
DA:57,24
DA:66,12
DA:76,12
DA:77,12
DA:82,24
DA:90,12
DA:95,24
DA:104,12
DA:114,12
DA:115,12
DA:120,24
DA:128,12
DA:133,24
DA:142,12
DA:151,12
DA:152,12
DA:157,36
DA:169,8
DA:170,8
DA:171,8
DA:172,8
DA:179,8
DA:180,8
DA:182,8
DA:191,8
DA:192,8
DA:194,8
DA:201,8
DA:202,8
DA:204,8
DA:211,8
DA:212,8
DA:222,3
DA:223,6
DA:224,0
DA:227,3
DA:228,21
DA:229,3
DA:230,3
DA:231,3
DA:232,3
DA:233,0
DA:235,3
DA:236,3
DA:237,0
DA:240,12
DA:243,6
DA:244,2
DA:245,6
DA:249,6
DA:250,0
DA:251,0
DA:256,6
DA:260,10
DA:261,8
DA:262,2
DA:263,1
DA:269,3
DA:270,3
DA:273,12
DA:274,3
DA:276,2
DA:277,1
DA:278,3
DA:280,2
DA:285,3
DA:287,3
DA:288,3
DA:289,3
DA:293,3
DA:297,12
LF:80
LH:75
end_of_record
SF:lib/core/utils/json_parse.dart
DA:5,4
DA:6,4
DA:8,8
DA:10,5
DA:12,8
DA:13,6
DA:16,2
DA:18,3
DA:19,4
DA:22,5
DA:24,8
DA:25,6
DA:28,2
DA:30,2
DA:31,4
DA:32,6
DA:35,2
DA:37,6
DA:41,3
DA:43,3
DA:44,6
DA:47,3
LF:22
LH:22
end_of_record
SF:lib/core/utils/supabase_service.dart
DA:16,2
DA:22,2
DA:29,13
DA:32,2
DA:34,3
DA:36,0
DA:37,0
DA:41,0
DA:52,0
DA:56,0
DA:57,0
DA:58,0
LF:12
LH:5
end_of_record
SF:lib/models/order_model.dart
DA:12,2
DA:13,4
DA:14,4
DA:19,1
DA:20,1
DA:21,1
DA:22,1
DA:23,1
DA:24,0
DA:25,0
DA:26,0
DA:40,7
DA:65,4
DA:66,3
DA:67,1
DA:69,4
DA:70,4
DA:71,4
DA:72,4
DA:73,4
DA:74,4
DA:75,4
DA:76,4
DA:77,4
DA:78,4
DA:83,9
DA:111,6
DA:114,2
DA:115,16
DA:117,1
DA:118,1
DA:119,1
DA:120,2
DA:121,2
DA:122,3
DA:123,2
DA:124,2
DA:125,2
DA:126,2
DA:127,2
DA:128,2
DA:129,2
DA:130,2
DA:132,4
DA:133,1
LF:45
LH:42
end_of_record
SF:lib/models/promotion_model.dart
DA:8,1
DA:10,1
DA:12,1
DA:20,1
DA:21,1
DA:22,1
DA:23,1
DA:26,0
DA:27,0
DA:28,0
DA:29,0
DA:35,9
DA:65,4
DA:66,16
DA:67,4
DA:68,16
DA:69,4
DA:70,10
DA:71,5
DA:73,2
DA:74,4
DA:75,4
DA:76,1
DA:79,0
DA:80,0
DA:81,0
DA:82,0
DA:83,0
DA:84,0
DA:85,0
DA:86,0
DA:87,0
DA:88,0
DA:89,0
DA:90,0
DA:91,0
DA:92,0
DA:95,0
DA:96,0
DA:97,0
DA:98,0
DA:99,0
DA:100,0
DA:101,0
DA:102,0
DA:103,0
DA:104,0
DA:105,0
DA:106,0
DA:107,0
DA:116,2
DA:122,0
DA:123,0
DA:124,0
DA:131,3
DA:156,3
DA:157,3
DA:159,0
DA:160,0
DA:161,0
DA:162,0
DA:163,0
DA:165,0
DA:166,0
DA:167,0
DA:168,0
DA:169,0
DA:170,0
LF:68
LH:23
end_of_record
SF:lib/models/user_model.dart
DA:12,2
DA:14,2
DA:16,2
DA:18,2
DA:20,2
DA:28,1
DA:29,1
DA:30,1
DA:31,1
DA:32,1
DA:33,1
DA:36,0
DA:37,0
DA:38,0
DA:39,0
DA:40,0
DA:41,0
DA:44,4
DA:45,6
DA:46,6
DA:47,6
DA:51,2
DA:65,1
DA:66,6
DA:67,3
DA:68,1
DA:71,1
DA:72,2
DA:73,2
DA:74,8
DA:75,3
DA:78,0
DA:79,0
DA:80,0
DA:81,0
DA:82,0
DA:83,0
DA:86,0
DA:87,0
DA:88,0
DA:89,0
DA:90,0
DA:91,0
DA:94,2
DA:95,1
DA:96,1
DA:97,1
DA:98,0
DA:99,1
DA:104,0
DA:126,0
DA:127,0
DA:128,0
DA:129,0
DA:130,0
DA:131,0
DA:133,0
DA:136,0
DA:137,0
DA:138,0
DA:139,0
DA:140,0
DA:141,0
DA:142,0
DA:143,0
DA:144,0
DA:145,0
DA:148,0
DA:149,0
DA:150,0
DA:151,0
DA:152,0
DA:153,0
DA:154,0
DA:155,0
DA:156,0
DA:157,0
LF:77
LH:30
end_of_record
SF:lib/controllers/cart_controller.dart
DA:33,2
DA:35,2
DA:36,2
DA:39,8
DA:49,4
DA:50,2
DA:51,4
DA:52,2
DA:59,1
DA:60,4
DA:62,1
DA:63,3
DA:64,1
DA:65,4
DA:67,1
DA:70,1
DA:71,2
DA:72,2
DA:74,0
DA:77,1
DA:81,4
DA:83,2
DA:85,1
DA:88,2
DA:93,2
DA:94,2
DA:95,0
DA:97,0
DA:98,0
DA:99,0
DA:100,0
DA:101,0
DA:103,0
DA:107,2
DA:108,4
DA:109,2
DA:113,14
DA:122,3
DA:130,6
DA:132,10
DA:134,1
DA:135,4
DA:136,2
DA:138,9
DA:142,6
DA:145,3
DA:148,3
DA:149,15
DA:150,9
DA:151,3
DA:154,3
DA:155,15
DA:157,3
DA:158,3
DA:161,3
DA:162,2
DA:163,1
DA:166,0
DA:167,0
DA:168,0
DA:171,1
DA:172,5
DA:173,3
DA:176,2
DA:177,4
DA:178,2
DA:184,18
DA:185,9
DA:187,18
DA:189,1
DA:190,7
DA:196,4
DA:197,10
DA:198,2
DA:200,10
DA:201,6
DA:204,2
DA:205,8
DA:206,8
DA:208,2
DA:209,2
DA:210,8
DA:212,4
DA:215,6
DA:217,2
DA:218,10
DA:219,2
DA:222,1
DA:223,4
DA:224,1
DA:230,2
DA:231,2
DA:232,2
DA:233,4
DA:236,4
DA:237,4
DA:239,2
DA:240,2
DA:241,6
DA:242,4
DA:245,4
DA:246,4
DA:247,6
DA:251,4
DA:255,3
DA:256,6
DA:257,6
DA:258,6
DA:263,3
DA:264,6
DA:265,0
DA:266,0
DA:267,0
DA:268,0
DA:272,0
DA:273,0
DA:274,0
DA:278,2
DA:279,2
DA:283,0
DA:285,0
DA:287,0
DA:290,0
DA:292,0
DA:295,4
DA:301,2
DA:305,2
DA:306,4
DA:308,2
DA:309,2
DA:314,1
DA:315,5
DA:316,2
DA:321,1
DA:322,1
DA:323,1
DA:326,2
DA:327,2
DA:328,2
DA:332,3
DA:333,3
DA:336,4
DA:340,2
DA:341,2
DA:343,2
DA:344,2
DA:345,2
DA:346,2
DA:347,2
DA:349,1
DA:350,1
DA:353,4
DA:354,2
DA:356,2
DA:357,2
DA:358,2
DA:359,2
DA:360,4
DA:362,2
DA:363,2
DA:366,4
DA:367,6
DA:368,2
DA:369,2
DA:370,2
DA:371,2
DA:372,2
DA:373,2
DA:374,2
DA:375,2
DA:376,2
DA:378,2
DA:380,2
DA:381,2
DA:382,2
DA:383,2
DA:384,2
DA:385,2
LF:178
LH:155
end_of_record
SF:lib/core/utils/browser/browser.dart
DA:11,4
DA:15,4
DA:17,4
DA:21,4
LF:4
LH:4
end_of_record
SF:lib/core/utils/store_settings.dart
DA:19,8
DA:20,8
DA:24,0
DA:25,0
DA:27,0
DA:28,0
DA:29,0
DA:30,0
DA:32,0
DA:33,0
DA:34,0
DA:35,0
DA:36,0
LF:13
LH:2
end_of_record
SF:lib/models/cart_item_model.dart
DA:9,6
DA:40,16
DA:45,2
DA:46,1
DA:47,1
DA:48,1
DA:49,1
DA:50,1
DA:51,1
DA:52,1
DA:53,1
DA:54,1
DA:55,1
DA:56,3
DA:57,1
DA:62,6
DA:65,5
DA:71,5
DA:72,5
DA:73,5
DA:74,5
DA:75,5
DA:76,5
DA:77,5
DA:78,5
DA:79,5
DA:80,5
DA:81,10
DA:82,7
DA:83,5
DA:87,4
DA:88,2
DA:89,2
DA:92,6
DA:93,3
DA:94,3
DA:95,3
DA:96,3
DA:97,3
DA:98,3
DA:99,3
DA:100,3
DA:101,3
DA:102,3
DA:103,3
DA:104,3
DA:105,3
DA:112,4
DA:113,4
DA:114,4
DA:115,4
DA:116,4
DA:117,4
DA:118,4
DA:119,4
DA:120,4
DA:121,4
DA:122,4
DA:123,4
DA:124,4
DA:125,4
LF:61
LH:61
end_of_record
SF:lib/controllers/catalog_controller.dart
DA:34,3
DA:36,3
DA:38,12
DA:39,3
DA:42,3
DA:44,6
DA:45,9
DA:47,12
DA:53,3
DA:54,6
DA:55,6
DA:57,3
DA:58,0
DA:59,0
DA:60,0
DA:61,0
DA:62,0
DA:63,0
DA:65,0
DA:66,0
DA:69,3
DA:71,3
DA:74,0
DA:75,0
DA:77,2
DA:81,0
DA:84,1
DA:85,2
DA:86,4
DA:90,3
DA:91,1
DA:92,3
DA:93,1
DA:94,3
DA:95,3
DA:96,3
DA:101,1
DA:103,2
DA:104,1
DA:105,5
DA:107,1
DA:108,5
DA:110,1
DA:111,0
DA:112,0
DA:116,1
DA:117,0
DA:118,0
DA:124,3
DA:125,3
DA:126,3
DA:128,0
DA:137,2
DA:139,10
DA:141,1
DA:143,0
DA:144,0
DA:145,0
DA:146,0
DA:147,0
DA:149,0
DA:153,5
DA:155,4
DA:159,1
DA:164,1
DA:166,4
DA:167,2
DA:171,2
DA:172,4
DA:173,4
DA:174,4
DA:176,2
DA:177,4
DA:178,7
DA:184,2
DA:185,2
DA:186,6
DA:190,6
DA:195,2
DA:196,4
DA:197,10
DA:198,0
DA:202,3
DA:204,1
DA:205,3
DA:206,6
DA:209,0
DA:210,0
DA:214,2
DA:215,6
DA:217,0
DA:218,0
DA:219,0
DA:220,0
DA:221,0
DA:224,1
DA:225,2
DA:227,2
DA:228,2
DA:231,4
DA:232,5
LF:101
LH:71
end_of_record
SF:lib/core/routes/app_routes.dart
DA:22,2
DA:23,2
DA:24,2
LF:3
LH:3
end_of_record
SF:lib/core/utils/browser/browser_stub.dart
DA:2,2
DA:4,2
DA:6,2
DA:8,2
LF:4
LH:4
end_of_record
SF:lib/core/utils/env.dart
DA:17,4
DA:18,2
DA:21,4
DA:22,2
DA:26,0
DA:27,0
LF:6
LH:4
end_of_record
SF:lib/controllers/orders_controller.dart
DA:21,1
DA:22,1
DA:23,4
DA:26,0
DA:29,0
DA:33,0
DA:34,0
DA:36,0
DA:37,0
DA:38,0
DA:39,0
DA:40,0
DA:41,0
DA:42,0
DA:43,0
DA:44,0
DA:46,0
DA:47,0
DA:49,0
DA:55,1
DA:56,2
DA:57,2
DA:62,1
DA:63,2
DA:64,2
DA:65,2
LF:26
LH:10
end_of_record
SF:lib/controllers/auth_controller.dart
DA:23,0
DA:24,0
DA:25,0
DA:27,1
DA:29,1
DA:30,1
DA:31,0
DA:32,0
DA:33,0
DA:37,0
DA:38,0
DA:39,0
DA:40,0
DA:41,0
DA:43,0
DA:48,1
DA:50,1
DA:51,1
DA:52,1
DA:53,1
DA:54,0
DA:56,0
DA:58,0
DA:61,3
DA:65,1
DA:66,2
DA:67,2
DA:69,2
DA:72,2
DA:73,0
DA:74,0
DA:75,0
DA:78,0
DA:79,0
DA:84,1
DA:86,0
DA:87,0
DA:90,1
DA:91,1
DA:92,1
DA:93,5
DA:94,2
DA:97,1
DA:98,2
DA:100,1
DA:101,1
DA:102,3
DA:105,1
DA:106,3
DA:109,2
DA:113,1
DA:114,5
DA:115,3
DA:116,0
DA:120,0
DA:121,0
DA:122,0
DA:124,0
DA:125,0
DA:128,0
DA:131,0
DA:133,0
DA:134,0
DA:137,0
DA:139,0
DA:140,0
DA:143,0
DA:146,0
DA:150,0
DA:151,0
DA:152,0
DA:154,0
DA:157,0
DA:158,0
DA:164,0
DA:165,0
DA:166,0
DA:167,0
DA:168,0
DA:169,0
LF:80
LH:31
end_of_record
SF:lib/core/utils/bootstrap5.dart
DA:36,0
DA:37,0
DA:41,4
DA:57,2
DA:59,4
DA:60,4
DA:67,2
DA:68,6
DA:73,1
DA:82,1
DA:83,1
DA:92,2
DA:93,5
DA:94,1
DA:100,1
DA:101,4
DA:102,3
DA:103,1
DA:104,4
DA:109,4
DA:110,2
DA:111,0
DA:112,2
DA:119,6
DA:120,4
DA:121,2
DA:122,6
DA:124,2
DA:126,2
DA:128,2
DA:130,2
DA:132,2
DA:134,2
DA:142,6
DA:143,6
DA:145,2
DA:147,12
DA:149,2
DA:150,2
DA:153,2
DA:154,4
DA:155,4
DA:156,4
DA:157,6
DA:161,2
DA:172,2
DA:188,2
DA:189,6
DA:190,2
DA:191,3
DA:194,4
DA:195,4
DA:196,4
DA:197,4
DA:198,4
DA:199,4
DA:204,2
DA:205,2
DA:206,6
DA:207,2
DA:208,4
DA:214,2
DA:215,6
DA:216,6
DA:217,2
DA:218,4
DA:223,2
DA:224,2
DA:232,2
DA:245,2
DA:247,8
DA:248,2
DA:249,4
DA:250,2
DA:252,2
DA:254,1
DA:264,2
DA:266,2
DA:267,2
DA:269,2
DA:270,2
DA:271,4
DA:272,2
DA:273,0
DA:274,2
DA:276,2
DA:277,4
DA:280,2
DA:281,2
DA:282,2
DA:286,4
DA:288,2
DA:289,3
DA:291,2
DA:292,2
DA:293,2
DA:294,2
DA:295,4
DA:302,2
DA:305,2
DA:306,2
DA:318,0
DA:327,0
DA:339,0
DA:341,0
DA:342,0
DA:344,0
DA:346,0
DA:347,0
DA:348,0
DA:349,0
DA:350,0
DA:359,0
DA:363,0
DA:364,0
LF:115
LH:97
end_of_record
SF:lib/views/shared/variant_selector.dart
DA:15,1
DA:19,1
DA:21,2
DA:22,3
DA:24,1
DA:25,3
DA:26,3
DA:28,1
DA:30,1
DA:32,1
DA:33,1
DA:34,2
DA:37,2
DA:38,3
DA:42,1
DA:45,1
DA:46,1
DA:47,1
DA:48,1
DA:49,1
DA:50,1
DA:52,3
DA:53,1
DA:54,0
DA:62,1
DA:64,1
DA:65,2
DA:66,1
DA:67,0
DA:68,1
DA:69,4
DA:75,1
DA:78,1
DA:79,2
DA:80,1
DA:82,3
DA:83,4
DA:89,3
DA:95,0
DA:96,0
DA:98,0
DA:100,0
DA:103,0
DA:104,0
DA:106,0
DA:107,0
DA:116,1
DA:122,1
DA:124,2
DA:125,1
DA:126,1
DA:127,1
DA:131,1
DA:132,1
DA:133,2
DA:136,1
DA:137,2
DA:138,4
DA:141,1
LF:59
LH:49
end_of_record
SF:lib/core/theme/app_spacing.dart
DA:16,0
LF:1
LH:0
end_of_record
SF:lib/core/theme/app_typography.dart
DA:10,0
DA:11,0
DA:16,0
DA:18,0
DA:19,0
DA:20,0
DA:21,0
DA:22,0
DA:23,0
DA:24,0
DA:25,0
DA:26,0
DA:27,0
DA:28,0
DA:29,0
DA:30,0
DA:31,0
DA:32,0
DA:33,0
DA:38,2
DA:46,0
DA:47,0
DA:55,0
DA:56,0
DA:57,0
DA:58,0
LF:26
LH:1
end_of_record
SF:lib/views/shared/ui_kit.dart
DA:12,0
DA:25,0
DA:27,0
DA:30,0
DA:32,0
DA:33,0
DA:34,0
DA:37,0
DA:38,0
DA:39,0
DA:40,0
DA:41,0
DA:51,0
DA:68,0
DA:70,0
DA:75,0
DA:78,0
DA:79,0
DA:80,0
DA:84,0
DA:85,0
DA:86,0
DA:87,0
DA:97,0
DA:103,1
DA:109,1
DA:113,2
DA:116,3
DA:118,3
DA:123,1
DA:125,1
DA:126,2
DA:128,5
DA:136,0
DA:149,0
DA:151,0
DA:152,0
DA:153,0
DA:154,0
DA:157,0
DA:159,0
DA:160,0
DA:161,0
DA:164,0
DA:166,0
DA:172,0
DA:174,0
DA:176,0
DA:183,0
DA:189,0
DA:192,0
DA:193,0
DA:195,0
DA:196,0
DA:197,0
DA:199,0
DA:200,0
DA:203,0
DA:204,0
DA:209,0
DA:212,0
DA:218,0
DA:225,0
DA:227,0
DA:228,0
DA:230,0
DA:232,0
DA:233,0
DA:235,0
DA:236,0
DA:238,0
DA:240,0
DA:242,0
DA:253,1
DA:268,1
DA:269,2
DA:270,2
DA:271,2
DA:272,1
DA:275,1
DA:277,1
DA:278,2
DA:279,1
DA:280,2
DA:281,2
DA:283,1
DA:285,1
DA:286,1
DA:290,1
DA:291,1
DA:292,1
DA:294,1
DA:296,1
LF:93
LH:29
end_of_record
SF:lib/controllers/wishlist_controller.dart
DA:27,1
DA:29,1
DA:30,2
DA:31,4
DA:34,6
DA:35,4
DA:36,1
DA:39,1
DA:40,4
DA:48,2
DA:49,2
DA:50,2
DA:54,1
DA:55,1
DA:59,0
DA:61,0
DA:62,0
DA:63,0
DA:64,0
DA:68,0
DA:69,0
DA:70,0
DA:74,0
DA:76,0
DA:81,1
DA:82,2
DA:83,2
DA:84,2
DA:88,1
DA:89,3
DA:90,5
DA:94,5
DA:95,1
DA:96,3
DA:97,2
DA:101,1
DA:102,6
DA:103,7
DA:108,1
DA:109,1
DA:110,6
DA:113,0
DA:114,0
DA:115,0
DA:116,0
DA:118,0
DA:119,0
DA:125,3
DA:127,1
DA:128,2
DA:130,3
DA:132,3
DA:135,4
DA:136,1
DA:140,0
DA:141,0
DA:142,0
DA:143,0
DA:144,0
DA:146,0
DA:147,0
DA:148,0
DA:153,0
DA:155,0
DA:162,3
DA:163,3
LF:66
LH:40
end_of_record
SF:lib/core/utils/formatters.dart
DA:5,4
DA:6,2
DA:7,3
DA:8,3
DA:9,0
DA:11,6
DA:14,2
DA:15,4
DA:16,8
DA:19,3
DA:20,4
DA:21,0
DA:25,1
DA:26,1
DA:27,3
LF:15
LH:13
end_of_record
SF:lib/core/utils/uuid.dart
DA:10,3
DA:13,1
DA:14,4
DA:15,4
DA:16,4
DA:18,5
DA:19,3
DA:20,3
DA:23,3
DA:29,1
DA:30,2
LF:11
LH:11
end_of_record
SF:lib/views/storefront/order_confirmation_view.dart
DA:14,0
DA:16,0
DA:18,0
DA:19,0
DA:21,0
DA:22,0
DA:25,0
DA:27,0
DA:31,0
DA:33,0
DA:35,0
DA:37,0
DA:39,0
DA:40,0
DA:41,0
DA:42,0
DA:50,0
DA:51,0
DA:53,0
DA:54,0
DA:55,0
DA:56,0
DA:57,0
DA:58,0
DA:59,0
DA:60,0
DA:61,0
DA:62,0
DA:69,0
DA:70,0
DA:71,0
DA:72,0
DA:73,0
DA:74,0
DA:75,0
DA:77,0
DA:80,0
DA:82,0
DA:83,0
DA:84,0
DA:85,0
DA:86,0
DA:87,0
DA:88,0
DA:91,0
DA:92,0
DA:93,0
DA:94,0
DA:95,0
DA:96,0
DA:97,0
DA:98,0
DA:99,0
DA:100,0
DA:101,0
DA:106,0
DA:107,0
DA:108,0
DA:109,0
DA:114,0
DA:115,0
DA:116,0
DA:117,0
DA:118,0
DA:119,0
DA:122,0
DA:124,0
DA:125,0
DA:126,0
DA:127,0
DA:132,0
DA:133,0
DA:136,0
DA:137,0
DA:138,0
DA:139,0
DA:153,0
DA:156,0
DA:157,0
DA:158,0
DA:160,0
DA:162,0
DA:174,1
DA:175,2
DA:176,1
DA:177,1
DA:178,1
DA:179,2
DA:183,0
DA:187,0
DA:190,0
DA:192,0
DA:194,0
DA:197,0
DA:199,0
DA:200,0
DA:201,0
DA:202,0
DA:203,0
DA:204,0
DA:206,0
DA:207,0
DA:208,0
DA:210,0
DA:214,0
DA:215,0
DA:216,0
DA:218,0
DA:219,0
DA:224,0
DA:225,0
DA:226,0
DA:228,0
LF:113
LH:6
end_of_record
SF:lib/views/shared/custom_app_bar.dart
DA:16,1
DA:20,0
DA:23,0
DA:25,0
DA:26,0
DA:28,0
DA:31,0
DA:35,0
DA:37,0
DA:40,0
DA:41,0
DA:43,0
DA:44,0
DA:46,0
DA:49,0
DA:50,0
DA:51,0
DA:52,0
DA:53,0
DA:54,0
DA:55,0
DA:58,0
DA:61,0
DA:63,0
DA:64,0
DA:65,0
DA:67,0
DA:70,0
DA:74,0
DA:77,0
DA:78,0
DA:80,0
DA:89,0
DA:90,0
DA:94,0
DA:97,0
DA:99,0
DA:100,0
DA:101,0
DA:103,0
DA:105,0
DA:106,0
DA:108,0
DA:117,0
DA:121,0
DA:123,0
DA:124,0
DA:125,0
DA:126,0
DA:132,0
DA:134,0
DA:135,0
DA:136,0
DA:137,0
DA:139,0
DA:140,0
DA:143,0
DA:145,0
DA:146,0
DA:149,0
DA:154,0
DA:165,0
DA:168,0
DA:170,0
DA:171,0
DA:172,0
DA:174,0
DA:175,0
DA:178,0
DA:180,0
DA:181,0
DA:184,0
DA:189,0
DA:201,1
DA:203,0
DA:205,0
DA:206,0
DA:208,0
DA:209,0
DA:211,0
DA:212,0
DA:214,0
DA:217,0
DA:218,0
DA:219,0
DA:220,0
DA:221,0
DA:223,0
DA:224,0
DA:225,0
DA:228,0
DA:229,0
DA:231,0
DA:232,0
DA:240,0
DA:241,0
DA:242,0
DA:243,0
DA:244,0
DA:245,0
LF:100
LH:2
end_of_record
SF:lib/views/shared/storefront_scaffold.dart
DA:17,0
DA:28,0
DA:30,0
DA:31,0
DA:32,0
DA:34,0
DA:37,0
DA:39,0
DA:50,1
DA:52,0
DA:54,0
DA:55,0
DA:56,0
DA:57,0
DA:58,0
DA:60,0
DA:72,0
DA:73,0
DA:74,0
DA:77,0
DA:78,0
DA:81,0
DA:89,0
DA:90,0
DA:91,0
DA:107,1
DA:109,0
DA:111,0
DA:112,0
DA:114,0
DA:115,0
DA:118,0
DA:119,0
DA:121,0
DA:122,0
DA:124,0
DA:125,0
DA:127,0
DA:129,0
DA:130,0
DA:131,0
DA:134,0
DA:137,0
DA:138,0
DA:139,0
DA:140,0
DA:145,0
DA:147,0
DA:150,0
DA:152,0
DA:155,0
DA:157,0
DA:159,0
DA:160,0
DA:162,0
DA:163,0
DA:164,0
DA:165,0
DA:166,0
DA:168,0
DA:169,0
DA:189,0
DA:190,0
DA:193,0
DA:208,0
DA:209,0
DA:210,0
DA:211,0
DA:212,0
DA:219,0
DA:220,0
DA:222,0
DA:223,0
DA:224,0
DA:226,0
DA:227,0
DA:229,0
DA:230,0
DA:231,0
DA:232,0
DA:233,0
DA:234,0
DA:235,0
LF:83
LH:2
end_of_record
